app/build/outputs/logs/manifest-merger-debug-report.txt
-- Merging decision tree log ---
manifest
ADDED from src/main/AndroidManifest.xml:2:1-95:12
	package
		ADDED from src/main/AndroidManifest.xml:3:5-26
		INJECTED from src/main/AndroidManifest.xml
		INJECTED from src/main/AndroidManifest.xml
	android:versionName
		ADDED from src/main/AndroidManifest.xml:5:5-30
		INJECTED from src/main/AndroidManifest.xml
		INJECTED from src/main/AndroidManifest.xml
	android:versionCode
		ADDED from src/main/AndroidManifest.xml:4:5-28
		INJECTED from src/main/AndroidManifest.xml
		INJECTED from src/main/AndroidManifest.xml
	xmlns:android
		ADDED from src/main/AndroidManifest.xml:2:11-69
application
ADDED from src/main/AndroidManifest.xml:7:5-79:19
MERGED from [com.android.support:support-v4:25.0.0] AndroidManifest.xml:25:5-20
MERGED from [com.android.support:support-compat:25.0.0] AndroidManifest.xml:25:5-20
MERGED from [com.android.support:support-media-compat:25.0.0] AndroidManifest.xml:25:5-20
MERGED from [com.android.support:support-compat:25.0.0] AndroidManifest.xml:25:5-20
MERGED from [com.android.support:support-core-utils:25.0.0] AndroidManifest.xml:25:5-20
MERGED from [com.android.support:support-compat:25.0.0] AndroidManifest.xml:25:5-20
MERGED from [com.android.support:support-core-ui:25.0.0] AndroidManifest.xml:25:5-20
MERGED from [com.android.support:support-compat:25.0.0] AndroidManifest.xml:25:5-20
MERGED from [com.android.support:support-fragment:25.0.0] AndroidManifest.xml:25:5-20
MERGED from [com.android.support:support-compat:25.0.0] AndroidManifest.xml:25:5-20
MERGED from [com.android.support:support-media-compat:25.0.0] AndroidManifest.xml:25:5-20
MERGED from [com.android.support:support-compat:25.0.0] AndroidManifest.xml:25:5-20
MERGED from [com.android.support:support-core-ui:25.0.0] AndroidManifest.xml:25:5-20
MERGED from [com.android.support:support-compat:25.0.0] AndroidManifest.xml:25:5-20
MERGED from [com.android.support:support-core-utils:25.0.0] AndroidManifest.xml:25:5-20
MERGED from [com.android.support:support-compat:25.0.0] AndroidManifest.xml:25:5-20
MERGED from [com.android.support:design:25.0.0] AndroidManifest.xml:25:5-20
MERGED from [com.android.support:support-v4:25.0.0] AndroidManifest.xml:25:5-20
MERGED from [com.android.support:support-compat:25.0.0] AndroidManifest.xml:25:5-20
MERGED from [com.android.support:support-media-compat:25.0.0] AndroidManifest.xml:25:5-20
MERGED from [com.android.support:support-compat:25.0.0] AndroidManifest.xml:25:5-20
MERGED from [com.android.support:support-core-utils:25.0.0] AndroidManifest.xml:25:5-20
MERGED from [com.android.support:support-compat:25.0.0] AndroidManifest.xml:25:5-20
MERGED from [com.android.support:support-core-ui:25.0.0] AndroidManifest.xml:25:5-20
MERGED from [com.android.support:support-compat:25.0.0] AndroidManifest.xml:25:5-20
MERGED from [com.android.support:support-fragment:25.0.0] AndroidManifest.xml:25:5-20
MERGED from [com.android.support:support-compat:25.0.0] AndroidManifest.xml:25:5-20
MERGED from [com.android.support:support-media-compat:25.0.0] AndroidManifest.xml:25:5-20
MERGED from [com.android.support:support-compat:25.0.0] AndroidManifest.xml:25:5-20
MERGED from [com.android.support:support-core-ui:25.0.0] AndroidManifest.xml:25:5-20
MERGED from [com.android.support:support-compat:25.0.0] AndroidManifest.xml:25:5-20
MERGED from [com.android.support:support-core-utils:25.0.0] AndroidManifest.xml:25:5-20
MERGED from [com.android.support:support-compat:25.0.0] AndroidManifest.xml:25:5-20
MERGED from [com.android.support:appcompat-v7:25.0.0] AndroidManifest.xml:25:5-20
MERGED from [com.android.support:support-v4:25.0.0] AndroidManifest.xml:25:5-20
MERGED from [com.android.support:support-compat:25.0.0] AndroidManifest.xml:25:5-20
MERGED from [com.android.support:support-media-compat:25.0.0] AndroidManifest.xml:25:5-20
MERGED from [com.android.support:support-compat:25.0.0] AndroidManifest.xml:25:5-20
MERGED from [com.android.support:support-core-utils:25.0.0] AndroidManifest.xml:25:5-20
MERGED from [com.android.support:support-compat:25.0.0] AndroidManifest.xml:25:5-20
MERGED from [com.android.support:support-core-ui:25.0.0] AndroidManifest.xml:25:5-20
MERGED from [com.android.support:support-compat:25.0.0] AndroidManifest.xml:25:5-20
MERGED from [com.android.support:support-fragment:25.0.0] AndroidManifest.xml:25:5-20
MERGED from [com.android.support:support-compat:25.0.0] AndroidManifest.xml:25:5-20
MERGED from [com.android.support:support-media-compat:25.0.0] AndroidManifest.xml:25:5-20
MERGED from [com.android.support:support-compat:25.0.0] AndroidManifest.xml:25:5-20
MERGED from [com.android.support:support-core-ui:25.0.0] AndroidManifest.xml:25:5-20
MERGED from [com.android.support:support-compat:25.0.0] AndroidManifest.xml:25:5-20
MERGED from [com.android.support:support-core-utils:25.0.0] AndroidManifest.xml:25:5-20
MERGED from [com.android.support:support-compat:25.0.0] AndroidManifest.xml:25:5-20
MERGED from [com.android.support:support-vector-drawable:25.0.0] AndroidManifest.xml:23:5-20
MERGED from [com.android.support:support-compat:25.0.0] AndroidManifest.xml:25:5-20
MERGED from [com.android.support:animated-vector-drawable:25.0.0] AndroidManifest.xml:22:5-20
MERGED from [com.android.support:support-vector-drawable:25.0.0] AndroidManifest.xml:23:5-20
MERGED from [com.android.support:support-compat:25.0.0] AndroidManifest.xml:25:5-20
MERGED from [com.android.support:support-compat:25.0.0] AndroidManifest.xml:25:5-20
MERGED from [com.android.support:support-core-ui:25.0.0] AndroidManifest.xml:25:5-20
MERGED from [com.android.support:support-compat:25.0.0] AndroidManifest.xml:25:5-20
MERGED from [com.android.support:transition:25.0.0] AndroidManifest.xml:22:5-20
MERGED from [com.android.support:support-v4:25.0.0] AndroidManifest.xml:25:5-20
MERGED from [com.android.support:support-compat:25.0.0] AndroidManifest.xml:25:5-20
MERGED from [com.android.support:support-media-compat:25.0.0] AndroidManifest.xml:25:5-20
MERGED from [com.android.support:support-compat:25.0.0] AndroidManifest.xml:25:5-20
MERGED from [com.android.support:support-core-utils:25.0.0] AndroidManifest.xml:25:5-20
MERGED from [com.android.support:support-compat:25.0.0] AndroidManifest.xml:25:5-20
MERGED from [com.android.support:support-core-ui:25.0.0] AndroidManifest.xml:25:5-20
MERGED from [com.android.support:support-compat:25.0.0] AndroidManifest.xml:25:5-20
MERGED from [com.android.support:support-fragment:25.0.0] AndroidManifest.xml:25:5-20
MERGED from [com.android.support:support-compat:25.0.0] AndroidManifest.xml:25:5-20
MERGED from [com.android.support:support-media-compat:25.0.0] AndroidManifest.xml:25:5-20
MERGED from [com.android.support:support-compat:25.0.0] AndroidManifest.xml:25:5-20
MERGED from [com.android.support:support-core-ui:25.0.0] AndroidManifest.xml:25:5-20
MERGED from [com.android.support:support-compat:25.0.0] AndroidManifest.xml:25:5-20
MERGED from [com.android.support:support-core-utils:25.0.0] AndroidManifest.xml:25:5-20
MERGED from [com.android.support:support-compat:25.0.0] AndroidManifest.xml:25:5-20
MERGED from [com.android.support:appcompat-v7:25.0.0] AndroidManifest.xml:25:5-20
MERGED from [com.android.support:support-v4:25.0.0] AndroidManifest.xml:25:5-20
MERGED from [com.android.support:support-compat:25.0.0] AndroidManifest.xml:25:5-20
MERGED from [com.android.support:support-media-compat:25.0.0] AndroidManifest.xml:25:5-20
MERGED from [com.android.support:support-compat:25.0.0] AndroidManifest.xml:25:5-20
MERGED from [com.android.support:support-core-utils:25.0.0] AndroidManifest.xml:25:5-20
MERGED from [com.android.support:support-compat:25.0.0] AndroidManifest.xml:25:5-20
MERGED from [com.android.support:support-core-ui:25.0.0] AndroidManifest.xml:25:5-20
MERGED from [com.android.support:support-compat:25.0.0] AndroidManifest.xml:25:5-20
MERGED from [com.android.support:support-fragment:25.0.0] AndroidManifest.xml:25:5-20
MERGED from [com.android.support:support-compat:25.0.0] AndroidManifest.xml:25:5-20
MERGED from [com.android.support:support-media-compat:25.0.0] AndroidManifest.xml:25:5-20
MERGED from [com.android.support:support-compat:25.0.0] AndroidManifest.xml:25:5-20
MERGED from [com.android.support:support-core-ui:25.0.0] AndroidManifest.xml:25:5-20
MERGED from [com.android.support:support-compat:25.0.0] AndroidManifest.xml:25:5-20
MERGED from [com.android.support:support-core-utils:25.0.0] AndroidManifest.xml:25:5-20
MERGED from [com.android.support:support-compat:25.0.0] AndroidManifest.xml:25:5-20
MERGED from [com.android.support:support-vector-drawable:25.0.0] AndroidManifest.xml:23:5-20
MERGED from [com.android.support:support-compat:25.0.0] AndroidManifest.xml:25:5-20
MERGED from [com.android.support:animated-vector-drawable:25.0.0] AndroidManifest.xml:22:5-20
MERGED from [com.android.support:support-vector-drawable:25.0.0] AndroidManifest.xml:23:5-20
MERGED from [com.android.support:support-compat:25.0.0] AndroidManifest.xml:25:5-20
MERGED from [com.github.vishal259:EasyFont:1.0] AndroidManifest.xml:11:5-15:19
MERGED from [com.android.support:appcompat-v7:25.0.0] AndroidManifest.xml:25:5-20
MERGED from [com.android.support:support-v4:25.0.0] AndroidManifest.xml:25:5-20
MERGED from [com.android.support:support-compat:25.0.0] AndroidManifest.xml:25:5-20
MERGED from [com.android.support:support-media-compat:25.0.0] AndroidManifest.xml:25:5-20
MERGED from [com.android.support:support-compat:25.0.0] AndroidManifest.xml:25:5-20
MERGED from [com.android.support:support-core-utils:25.0.0] AndroidManifest.xml:25:5-20
MERGED from [com.android.support:support-compat:25.0.0] AndroidManifest.xml:25:5-20
MERGED from [com.android.support:support-core-ui:25.0.0] AndroidManifest.xml:25:5-20
MERGED from [com.android.support:support-compat:25.0.0] AndroidManifest.xml:25:5-20
MERGED from [com.android.support:support-fragment:25.0.0] AndroidManifest.xml:25:5-20
MERGED from [com.android.support:support-compat:25.0.0] AndroidManifest.xml:25:5-20
MERGED from [com.android.support:support-media-compat:25.0.0] AndroidManifest.xml:25:5-20
MERGED from [com.android.support:support-compat:25.0.0] AndroidManifest.xml:25:5-20
MERGED from [com.android.support:support-core-ui:25.0.0] AndroidManifest.xml:25:5-20
MERGED from [com.android.support:support-compat:25.0.0] AndroidManifest.xml:25:5-20
MERGED from [com.android.support:support-core-utils:25.0.0] AndroidManifest.xml:25:5-20
MERGED from [com.android.support:support-compat:25.0.0] AndroidManifest.xml:25:5-20
MERGED from [com.android.support:support-vector-drawable:25.0.0] AndroidManifest.xml:23:5-20
MERGED from [com.android.support:support-compat:25.0.0] AndroidManifest.xml:25:5-20
MERGED from [com.android.support:animated-vector-drawable:25.0.0] AndroidManifest.xml:22:5-20
MERGED from [com.android.support:support-vector-drawable:25.0.0] AndroidManifest.xml:23:5-20
MERGED from [com.android.support:support-compat:25.0.0] AndroidManifest.xml:25:5-20
MERGED from [com.github.medyo:fancybuttons:1.8.3] AndroidManifest.xml:11:5-20
MERGED from [com.android.support:cardview-v7:25.0.0] AndroidManifest.xml:22:5-20
MERGED from [com.github.yesidlazaro:GmailBackground:1.1] AndroidManifest.xml:14:5-18:19
	android:label
		ADDED from src/main/AndroidManifest.xml:10:9-41
	android:supportsRtl
		ADDED from [com.github.vishal259:EasyFont:1.0] AndroidManifest.xml:14:9-35
	android:icon
		ADDED from src/main/AndroidManifest.xml:9:9-43
	android:allowBackup
		ADDED from [com.github.vishal259:EasyFont:1.0] AndroidManifest.xml:12:9-35
	android:theme
		ADDED from src/main/AndroidManifest.xml:11:9-40
	android:name
		ADDED from src/main/AndroidManifest.xml:8:9-52
activity#com.shixels.activity.MainActivity
ADDED from src/main/AndroidManifest.xml:12:9-13:20
	android:name
		ADDED from src/main/AndroidManifest.xml:12:19-67
activity#com.shixels.activity.Game.testprint
ADDED from src/main/AndroidManifest.xml:14:9-72
	android:name
		ADDED from src/main/AndroidManifest.xml:14:19-69
activity#com.shixels.activity.PowerSwitch
ADDED from src/main/AndroidManifest.xml:15:9-69
	android:name
		ADDED from src/main/AndroidManifest.xml:15:19-66
activity#com.shixels.activity.PSAMDemo
ADDED from src/main/AndroidManifest.xml:16:9-66
	android:name
		ADDED from src/main/AndroidManifest.xml:16:19-63
activity#com.shixels.activity.PrintDemo
ADDED from src/main/AndroidManifest.xml:17:9-67
	android:name
		ADDED from src/main/AndroidManifest.xml:17:19-64
activity#com.shixels.activity.PrintCmdActivity
ADDED from src/main/AndroidManifest.xml:18:9-74
	android:name
		ADDED from src/main/AndroidManifest.xml:18:19-71
activity#com.shixels.activity.CameraDemo
ADDED from src/main/AndroidManifest.xml:19:9-68
	android:name
		ADDED from src/main/AndroidManifest.xml:19:19-65
activity#com.shixels.activity.QrCodeActivity
ADDED from src/main/AndroidManifest.xml:20:9-72
	android:name
		ADDED from src/main/AndroidManifest.xml:20:19-69
activity#com.shixels.activity.CaptureActivity
ADDED from src/main/AndroidManifest.xml:21:9-73
	android:name
		ADDED from src/main/AndroidManifest.xml:21:19-70
activity#com.shixels.activity.SerialPortActivity
ADDED from src/main/AndroidManifest.xml:22:9-76
	android:name
		ADDED from src/main/AndroidManifest.xml:22:19-73
activity#com.shixels.activity.SerialPortSettingActivity
ADDED from src/main/AndroidManifest.xml:23:9-83
	android:name
		ADDED from src/main/AndroidManifest.xml:23:19-80
activity#android.serialport.api.SerialPortPreferences
ADDED from src/main/AndroidManifest.xml:24:9-81
	android:name
		ADDED from src/main/AndroidManifest.xml:24:19-78
activity#com.shixels.activity.FirstMain
ADDED from src/main/AndroidManifest.xml:25:9-100
	android:theme
		ADDED from src/main/AndroidManifest.xml:25:55-98
	android:name
		ADDED from src/main/AndroidManifest.xml:25:19-53
activity#com.shixels.activity.Authentication
ADDED from src/main/AndroidManifest.xml:26:9-60
	android:name
		ADDED from src/main/AndroidManifest.xml:26:19-58
activity#com.shixels.activity.SplashScreen
ADDED from src/main/AndroidManifest.xml:27:9-33:20
	android:theme
		ADDED from src/main/AndroidManifest.xml:27:57-100
	android:name
		ADDED from src/main/AndroidManifest.xml:27:19-56
intent-filter#android.intent.action.MAIN+android.intent.category.LAUNCHER
ADDED from src/main/AndroidManifest.xml:28:13-32:29
action#android.intent.action.MAIN
ADDED from src/main/AndroidManifest.xml:29:17-69
	android:name
		ADDED from src/main/AndroidManifest.xml:29:25-66
category#android.intent.category.LAUNCHER
ADDED from src/main/AndroidManifest.xml:31:17-77
	android:name
		ADDED from src/main/AndroidManifest.xml:31:27-74
receiver#com.shixels.Service.RemoteControlReceiver
ADDED from src/main/AndroidManifest.xml:36:9-43:20
	android:permission
		ADDED from src/main/AndroidManifest.xml:38:13-49
	android:name
		ADDED from src/main/AndroidManifest.xml:37:13-69
intent-filter#com.zkc.keycode
ADDED from src/main/AndroidManifest.xml:39:13-42:29
action#com.zkc.keycode
ADDED from src/main/AndroidManifest.xml:41:17-58
	android:name
		ADDED from src/main/AndroidManifest.xml:41:25-55
receiver#com.shixels.Service.StartReceiver
ADDED from src/main/AndroidManifest.xml:45:9-51:20
	android:name
		ADDED from src/main/AndroidManifest.xml:45:19-67
intent-filter#android.intent.action.BOOT_COMPLETED+android.intent.category.LAUNCHER
ADDED from src/main/AndroidManifest.xml:46:13-50:29
action#android.intent.action.BOOT_COMPLETED
ADDED from src/main/AndroidManifest.xml:47:17-79
	android:name
		ADDED from src/main/AndroidManifest.xml:47:25-76
service#com.shixels.Service.CaptureService
ADDED from src/main/AndroidManifest.xml:53:8-57:19
	android:name
		ADDED from src/main/AndroidManifest.xml:53:17-66
intent-filter#com.zkc.Service.CaptureService
ADDED from src/main/AndroidManifest.xml:54:13-56:29
action#com.zkc.Service.CaptureService
ADDED from src/main/AndroidManifest.xml:55:17-73
	android:name
		ADDED from src/main/AndroidManifest.xml:55:25-70
activity#com.shixels.barvodeScan.MainActivity
ADDED from src/main/AndroidManifest.xml:59:9-62:20
	android:label
		ADDED from src/main/AndroidManifest.xml:61:13-45
	android:name
		ADDED from src/main/AndroidManifest.xml:60:13-64
activity#com.shixels.barvodeScan.ActivityBarcodeSetting
ADDED from src/main/AndroidManifest.xml:63:9-66:20
	android:label
		ADDED from src/main/AndroidManifest.xml:65:13-45
	android:name
		ADDED from src/main/AndroidManifest.xml:64:13-74
activity#com.shixels.barvodeScan.ActivityQrcodeSetting
ADDED from src/main/AndroidManifest.xml:67:9-70:20
	android:label
		ADDED from src/main/AndroidManifest.xml:69:13-45
	android:name
		ADDED from src/main/AndroidManifest.xml:68:13-73
activity#com.shixels.barvodeScan.DialogEncodingActivity
ADDED from src/main/AndroidManifest.xml:71:9-74:20
	android:label
		ADDED from src/main/AndroidManifest.xml:73:13-45
	android:name
		ADDED from src/main/AndroidManifest.xml:72:13-74
activity#com.shixels.activity.FingerActivity
ADDED from src/main/AndroidManifest.xml:75:9-78:20
	android:label
		ADDED from src/main/AndroidManifest.xml:77:13-45
	android:name
		ADDED from src/main/AndroidManifest.xml:76:13-63
uses-permission#android.permission.WRITE_EXTERNAL_STORAGE
ADDED from src/main/AndroidManifest.xml:81:5-81
MERGED from [com.quickblox:quickblox-android-sdk-core:2.6.1] AndroidManifest.xml:21:5-81
MERGED from [com.quickblox:quickblox-android-sdk-customobjects:2.6.1] AndroidManifest.xml:20:5-81
MERGED from [com.quickblox:quickblox-android-sdk-core:2.6.1] AndroidManifest.xml:21:5-81
	android:name
		ADDED from src/main/AndroidManifest.xml:81:22-78
uses-permission#android.permission.CAMERA
ADDED from src/main/AndroidManifest.xml:82:5-65
MERGED from [com.quickblox:quickblox-android-sdk-core:2.6.1] AndroidManifest.xml:12:5-65
MERGED from [com.quickblox:quickblox-android-sdk-customobjects:2.6.1] AndroidManifest.xml:11:5-65
MERGED from [com.quickblox:quickblox-android-sdk-core:2.6.1] AndroidManifest.xml:12:5-65
	android:name
		ADDED from src/main/AndroidManifest.xml:82:22-62
uses-feature#android.hardware.camera
ADDED from src/main/AndroidManifest.xml:83:5-60
MERGED from [com.quickblox:quickblox-android-sdk-core:2.6.1] AndroidManifest.xml:16:5-60
MERGED from [com.quickblox:quickblox-android-sdk-customobjects:2.6.1] AndroidManifest.xml:15:5-60
MERGED from [com.quickblox:quickblox-android-sdk-core:2.6.1] AndroidManifest.xml:16:5-60
	android:name
		ADDED from src/main/AndroidManifest.xml:83:19-57
uses-feature#android.hardware.camera.autofocus
ADDED from src/main/AndroidManifest.xml:84:5-70
MERGED from [com.quickblox:quickblox-android-sdk-core:2.6.1] AndroidManifest.xml:17:5-70
MERGED from [com.quickblox:quickblox-android-sdk-customobjects:2.6.1] AndroidManifest.xml:16:5-70
MERGED from [com.quickblox:quickblox-android-sdk-core:2.6.1] AndroidManifest.xml:17:5-70
	android:name
		ADDED from src/main/AndroidManifest.xml:84:19-67
uses-permission#android.permission.INTERNET
ADDED from src/main/AndroidManifest.xml:85:5-67
MERGED from [com.quickblox:quickblox-android-sdk-core:2.6.1] AndroidManifest.xml:14:5-67
MERGED from [com.quickblox:quickblox-android-sdk-customobjects:2.6.1] AndroidManifest.xml:13:5-67
MERGED from [com.quickblox:quickblox-android-sdk-core:2.6.1] AndroidManifest.xml:14:5-67
MERGED from [com.github.yesidlazaro:GmailBackground:1.1] AndroidManifest.xml:12:5-67
	android:name
		ADDED from src/main/AndroidManifest.xml:85:22-64
uses-permission#android.permission.READ_PHONE_STATE
ADDED from src/main/AndroidManifest.xml:86:5-74
	android:name
		ADDED from src/main/AndroidManifest.xml:86:22-72
uses-permission#android.permission.ACCESS_NETWORK_STATE
ADDED from src/main/AndroidManifest.xml:87:5-78
MERGED from [com.quickblox:quickblox-android-sdk-core:2.6.1] AndroidManifest.xml:23:5-79
MERGED from [com.quickblox:quickblox-android-sdk-customobjects:2.6.1] AndroidManifest.xml:22:5-79
MERGED from [com.quickblox:quickblox-android-sdk-core:2.6.1] AndroidManifest.xml:23:5-79
MERGED from [com.github.yesidlazaro:GmailBackground:1.1] AndroidManifest.xml:11:5-79
	android:name
		ADDED from src/main/AndroidManifest.xml:87:22-76
uses-permission#android.permission.VIBRATE
ADDED from src/main/AndroidManifest.xml:88:5-66
	android:name
		ADDED from src/main/AndroidManifest.xml:88:22-63
uses-permission#android.permission.FLASHLIGHT
ADDED from src/main/AndroidManifest.xml:89:5-69
MERGED from [com.quickblox:quickblox-android-sdk-core:2.6.1] AndroidManifest.xml:13:5-69
MERGED from [com.quickblox:quickblox-android-sdk-customobjects:2.6.1] AndroidManifest.xml:12:5-69
MERGED from [com.quickblox:quickblox-android-sdk-core:2.6.1] AndroidManifest.xml:13:5-69
	android:name
		ADDED from src/main/AndroidManifest.xml:89:22-66
uses-permission#android.permission.INJECT_EVENT
ADDED from src/main/AndroidManifest.xml:90:5-91:23
	android:name
		ADDED from src/main/AndroidManifest.xml:90:22-68
uses-permission#android.permission.RECEIVE_BOOT_COMPLETED
ADDED from src/main/AndroidManifest.xml:92:5-93:23
	android:name
		ADDED from src/main/AndroidManifest.xml:92:22-78
uses-sdk
INJECTED from src/main/AndroidManifest.xml reason: use-sdk injection requested
MERGED from [com.android.support:support-v4:25.0.0] AndroidManifest.xml:21:5-23:54
MERGED from [com.android.support:support-compat:25.0.0] AndroidManifest.xml:21:5-23:58
MERGED from [com.android.support:support-media-compat:25.0.0] AndroidManifest.xml:21:5-23:63
MERGED from [com.android.support:support-compat:25.0.0] AndroidManifest.xml:21:5-23:58
MERGED from [com.android.support:support-core-utils:25.0.0] AndroidManifest.xml:21:5-23:61
MERGED from [com.android.support:support-compat:25.0.0] AndroidManifest.xml:21:5-23:58
MERGED from [com.android.support:support-core-ui:25.0.0] AndroidManifest.xml:21:5-23:58
MERGED from [com.android.support:support-compat:25.0.0] AndroidManifest.xml:21:5-23:58
MERGED from [com.android.support:support-fragment:25.0.0] AndroidManifest.xml:21:5-23:60
MERGED from [com.android.support:support-compat:25.0.0] AndroidManifest.xml:21:5-23:58
MERGED from [com.android.support:support-media-compat:25.0.0] AndroidManifest.xml:21:5-23:63
MERGED from [com.android.support:support-compat:25.0.0] AndroidManifest.xml:21:5-23:58
MERGED from [com.android.support:support-core-ui:25.0.0] AndroidManifest.xml:21:5-23:58
MERGED from [com.android.support:support-compat:25.0.0] AndroidManifest.xml:21:5-23:58
MERGED from [com.android.support:support-core-utils:25.0.0] AndroidManifest.xml:21:5-23:61
MERGED from [com.android.support:support-compat:25.0.0] AndroidManifest.xml:21:5-23:58
MERGED from [com.android.support:design:25.0.0] AndroidManifest.xml:21:5-23:62
MERGED from [com.android.support:support-v4:25.0.0] AndroidManifest.xml:21:5-23:54
MERGED from [com.android.support:support-compat:25.0.0] AndroidManifest.xml:21:5-23:58
MERGED from [com.android.support:support-media-compat:25.0.0] AndroidManifest.xml:21:5-23:63
MERGED from [com.android.support:support-compat:25.0.0] AndroidManifest.xml:21:5-23:58
MERGED from [com.android.support:support-core-utils:25.0.0] AndroidManifest.xml:21:5-23:61
MERGED from [com.android.support:support-compat:25.0.0] AndroidManifest.xml:21:5-23:58
MERGED from [com.android.support:support-core-ui:25.0.0] AndroidManifest.xml:21:5-23:58
MERGED from [com.android.support:support-compat:25.0.0] AndroidManifest.xml:21:5-23:58
MERGED from [com.android.support:support-fragment:25.0.0] AndroidManifest.xml:21:5-23:60
MERGED from [com.android.support:support-compat:25.0.0] AndroidManifest.xml:21:5-23:58
MERGED from [com.android.support:support-media-compat:25.0.0] AndroidManifest.xml:21:5-23:63
MERGED from [com.android.support:support-compat:25.0.0] AndroidManifest.xml:21:5-23:58
MERGED from [com.android.support:support-core-ui:25.0.0] AndroidManifest.xml:21:5-23:58
MERGED from [com.android.support:support-compat:25.0.0] AndroidManifest.xml:21:5-23:58
MERGED from [com.android.support:support-core-utils:25.0.0] AndroidManifest.xml:21:5-23:61
MERGED from [com.android.support:support-compat:25.0.0] AndroidManifest.xml:21:5-23:58
MERGED from [com.android.support:appcompat-v7:25.0.0] AndroidManifest.xml:21:5-23:78
MERGED from [com.android.support:support-v4:25.0.0] AndroidManifest.xml:21:5-23:54
MERGED from [com.android.support:support-compat:25.0.0] AndroidManifest.xml:21:5-23:58
MERGED from [com.android.support:support-media-compat:25.0.0] AndroidManifest.xml:21:5-23:63
MERGED from [com.android.support:support-compat:25.0.0] AndroidManifest.xml:21:5-23:58
MERGED from [com.android.support:support-core-utils:25.0.0] AndroidManifest.xml:21:5-23:61
MERGED from [com.android.support:support-compat:25.0.0] AndroidManifest.xml:21:5-23:58
MERGED from [com.android.support:support-core-ui:25.0.0] AndroidManifest.xml:21:5-23:58
MERGED from [com.android.support:support-compat:25.0.0] AndroidManifest.xml:21:5-23:58
MERGED from [com.android.support:support-fragment:25.0.0] AndroidManifest.xml:21:5-23:60
MERGED from [com.android.support:support-compat:25.0.0] AndroidManifest.xml:21:5-23:58
MERGED from [com.android.support:support-media-compat:25.0.0] AndroidManifest.xml:21:5-23:63
MERGED from [com.android.support:support-compat:25.0.0] AndroidManifest.xml:21:5-23:58
MERGED from [com.android.support:support-core-ui:25.0.0] AndroidManifest.xml:21:5-23:58
MERGED from [com.android.support:support-compat:25.0.0] AndroidManifest.xml:21:5-23:58
MERGED from [com.android.support:support-core-utils:25.0.0] AndroidManifest.xml:21:5-23:61
MERGED from [com.android.support:support-compat:25.0.0] AndroidManifest.xml:21:5-23:58
MERGED from [com.android.support:support-vector-drawable:25.0.0] AndroidManifest.xml:21:5-43
MERGED from [com.android.support:support-compat:25.0.0] AndroidManifest.xml:21:5-23:58
MERGED from [com.android.support:animated-vector-drawable:25.0.0] AndroidManifest.xml:20:5-44
MERGED from [com.android.support:support-vector-drawable:25.0.0] AndroidManifest.xml:21:5-43
MERGED from [com.android.support:support-compat:25.0.0] AndroidManifest.xml:21:5-23:58
MERGED from [com.android.support:recyclerview-v7:25.0.0] AndroidManifest.xml:20:5-43
MERGED from [com.android.support:support-compat:25.0.0] AndroidManifest.xml:21:5-23:58
MERGED from [com.android.support:support-core-ui:25.0.0] AndroidManifest.xml:21:5-23:58
MERGED from [com.android.support:support-compat:25.0.0] AndroidManifest.xml:21:5-23:58
MERGED from [com.android.support:transition:25.0.0] AndroidManifest.xml:20:5-44
MERGED from [com.android.support:support-v4:25.0.0] AndroidManifest.xml:21:5-23:54
MERGED from [com.android.support:support-compat:25.0.0] AndroidManifest.xml:21:5-23:58
MERGED from [com.android.support:support-media-compat:25.0.0] AndroidManifest.xml:21:5-23:63
MERGED from [com.android.support:support-compat:25.0.0] AndroidManifest.xml:21:5-23:58
MERGED from [com.android.support:support-core-utils:25.0.0] AndroidManifest.xml:21:5-23:61
MERGED from [com.android.support:support-compat:25.0.0] AndroidManifest.xml:21:5-23:58
MERGED from [com.android.support:support-core-ui:25.0.0] AndroidManifest.xml:21:5-23:58
MERGED from [com.android.support:support-compat:25.0.0] AndroidManifest.xml:21:5-23:58
MERGED from [com.android.support:support-fragment:25.0.0] AndroidManifest.xml:21:5-23:60
MERGED from [com.android.support:support-compat:25.0.0] AndroidManifest.xml:21:5-23:58
MERGED from [com.android.support:support-media-compat:25.0.0] AndroidManifest.xml:21:5-23:63
MERGED from [com.android.support:support-compat:25.0.0] AndroidManifest.xml:21:5-23:58
MERGED from [com.android.support:support-core-ui:25.0.0] AndroidManifest.xml:21:5-23:58
MERGED from [com.android.support:support-compat:25.0.0] AndroidManifest.xml:21:5-23:58
MERGED from [com.android.support:support-core-utils:25.0.0] AndroidManifest.xml:21:5-23:61
MERGED from [com.android.support:support-compat:25.0.0] AndroidManifest.xml:21:5-23:58
MERGED from [com.quickblox:quickblox-android-sdk-core:2.6.1] AndroidManifest.xml:6:5-8:41
MERGED from [com.quickblox:quickblox-android-sdk-customobjects:2.6.1] AndroidManifest.xml:5:5-7:41
MERGED from [com.quickblox:quickblox-android-sdk-core:2.6.1] AndroidManifest.xml:6:5-8:41
MERGED from [com.google.android:flexbox:0.2.4] AndroidManifest.xml:23:5-25:41
MERGED from [com.android.support:appcompat-v7:25.0.0] AndroidManifest.xml:21:5-23:78
MERGED from [com.android.support:support-v4:25.0.0] AndroidManifest.xml:21:5-23:54
MERGED from [com.android.support:support-compat:25.0.0] AndroidManifest.xml:21:5-23:58
MERGED from [com.android.support:support-media-compat:25.0.0] AndroidManifest.xml:21:5-23:63
MERGED from [com.android.support:support-compat:25.0.0] AndroidManifest.xml:21:5-23:58
MERGED from [com.android.support:support-core-utils:25.0.0] AndroidManifest.xml:21:5-23:61
MERGED from [com.android.support:support-compat:25.0.0] AndroidManifest.xml:21:5-23:58
MERGED from [com.android.support:support-core-ui:25.0.0] AndroidManifest.xml:21:5-23:58
MERGED from [com.android.support:support-compat:25.0.0] AndroidManifest.xml:21:5-23:58
MERGED from [com.android.support:support-fragment:25.0.0] AndroidManifest.xml:21:5-23:60
MERGED from [com.android.support:support-compat:25.0.0] AndroidManifest.xml:21:5-23:58
MERGED from [com.android.support:support-media-compat:25.0.0] AndroidManifest.xml:21:5-23:63
MERGED from [com.android.support:support-compat:25.0.0] AndroidManifest.xml:21:5-23:58
MERGED from [com.android.support:support-core-ui:25.0.0] AndroidManifest.xml:21:5-23:58
MERGED from [com.android.support:support-compat:25.0.0] AndroidManifest.xml:21:5-23:58
MERGED from [com.android.support:support-core-utils:25.0.0] AndroidManifest.xml:21:5-23:61
MERGED from [com.android.support:support-compat:25.0.0] AndroidManifest.xml:21:5-23:58
MERGED from [com.android.support:support-vector-drawable:25.0.0] AndroidManifest.xml:21:5-43
MERGED from [com.android.support:support-compat:25.0.0] AndroidManifest.xml:21:5-23:58
MERGED from [com.android.support:animated-vector-drawable:25.0.0] AndroidManifest.xml:20:5-44
MERGED from [com.android.support:support-vector-drawable:25.0.0] AndroidManifest.xml:21:5-43